2025-05-26 22:36:05,769 - INFO - Loaded 2477 items from scraped_data\json\nonempty_name_items.json
2025-05-26 22:36:05,769 - INFO - Processing 2477 items starting from index 0
2025-05-26 22:36:05,769 - INFO - Processing item 1/2477: https://www.gametsg.net/equip/detail.html?id=23
2025-05-26 22:36:06,386 - INFO - Added 1 monster drops
2025-05-26 22:36:07,388 - INFO - Processing item 2/2477: https://www.gametsg.net/equip/detail.html?id=24
2025-05-26 22:36:08,593 - INFO - Processing item 3/2477: https://www.gametsg.net/equip/detail.html?id=25
2025-05-26 22:36:08,798 - INFO - Added 2 monster drops
2025-05-26 22:36:09,799 - INFO - Processing item 4/2477: https://www.gametsg.net/equip/detail.html?id=26
2025-05-26 22:36:11,015 - INFO - Processing item 5/2477: https://www.gametsg.net/equip/detail.html?id=27
2025-05-26 22:36:12,232 - INFO - Processing item 6/2477: https://www.gametsg.net/equip/detail.html?id=28
2025-05-26 22:36:12,419 - INFO - Added 3 monster drops
2025-05-26 22:36:13,420 - INFO - Processing item 7/2477: https://www.gametsg.net/equip/detail.html?id=29
2025-05-26 22:36:13,609 - INFO - Added 1 monster drops
2025-05-26 22:36:14,609 - INFO - Processing item 8/2477: https://www.gametsg.net/equip/detail.html?id=30
2025-05-26 22:36:15,818 - INFO - Processing item 9/2477: https://www.gametsg.net/equip/detail.html?id=31
2025-05-26 22:36:16,030 - INFO - Added 2 monster drops
2025-05-26 22:36:17,031 - INFO - Processing item 10/2477: https://www.gametsg.net/equip/detail.html?id=32
2025-05-26 22:36:17,618 - INFO - Progress saved after processing 10 items
2025-05-26 22:36:18,619 - INFO - Processing item 11/2477: https://www.gametsg.net/equip/detail.html?id=33
2025-05-26 22:36:19,829 - INFO - Processing item 12/2477: https://www.gametsg.net/equip/detail.html?id=34
2025-05-26 22:36:20,039 - INFO - Added 1 monster drops
2025-05-26 22:36:21,040 - INFO - Processing item 13/2477: https://www.gametsg.net/equip/detail.html?id=35
2025-05-26 22:36:22,248 - INFO - Processing item 14/2477: https://www.gametsg.net/equip/detail.html?id=36
2025-05-26 22:36:23,445 - INFO - Processing item 15/2477: https://www.gametsg.net/equip/detail.html?id=37
2025-05-26 22:36:23,666 - INFO - Added 20 monster drops
2025-05-26 22:36:24,666 - INFO - Processing item 16/2477: https://www.gametsg.net/equip/detail.html?id=38
2025-05-26 22:36:25,988 - INFO - Processing item 17/2477: https://www.gametsg.net/equip/detail.html?id=39
2025-05-26 22:36:27,196 - INFO - Processing item 18/2477: https://www.gametsg.net/equip/detail.html?id=40
2025-05-26 22:36:28,387 - INFO - Processing item 19/2477: https://www.gametsg.net/equip/detail.html?id=41
2025-05-26 22:36:28,576 - INFO - Added 2 monster drops
2025-05-26 22:36:29,576 - INFO - Processing item 20/2477: https://www.gametsg.net/equip/detail.html?id=42
2025-05-26 22:36:29,820 - INFO - Progress saved after processing 20 items
2025-05-26 22:36:30,821 - INFO - Processing item 21/2477: https://www.gametsg.net/equip/detail.html?id=43
2025-05-26 22:36:32,040 - INFO - Processing item 22/2477: https://www.gametsg.net/equip/detail.html?id=44
2025-05-26 22:36:33,258 - INFO - Processing item 23/2477: https://www.gametsg.net/equip/detail.html?id=45
2025-05-26 22:36:34,487 - INFO - Processing item 24/2477: https://www.gametsg.net/equip/detail.html?id=46
2025-05-26 22:36:34,680 - INFO - Added 4 monster drops
2025-05-26 22:36:35,681 - INFO - Processing item 25/2477: https://www.gametsg.net/equip/detail.html?id=47
2025-05-26 22:36:35,886 - INFO - Added 1 monster drops
2025-05-26 22:36:36,887 - INFO - Processing item 26/2477: https://www.gametsg.net/equip/detail.html?id=48
2025-05-26 22:36:37,081 - INFO - Added 2 monster drops
2025-05-26 22:36:38,081 - INFO - Processing item 27/2477: https://www.gametsg.net/equip/detail.html?id=49
2025-05-26 22:36:39,290 - INFO - Processing item 28/2477: https://www.gametsg.net/equip/detail.html?id=50
2025-05-26 22:36:39,570 - INFO - Added 3 monster drops
2025-05-26 22:36:40,571 - INFO - Processing item 29/2477: https://www.gametsg.net/equip/detail.html?id=51
2025-05-26 22:36:41,784 - INFO - Processing item 30/2477: https://www.gametsg.net/equip/detail.html?id=52
2025-05-26 22:36:41,992 - INFO - Added 4 monster drops
2025-05-26 22:36:42,049 - INFO - Progress saved after processing 30 items
2025-05-26 22:36:43,050 - INFO - Processing item 31/2477: https://www.gametsg.net/equip/detail.html?id=53
2025-05-26 22:36:44,243 - INFO - Processing item 32/2477: https://www.gametsg.net/equip/detail.html?id=54
2025-05-26 22:36:44,450 - INFO - Added 1 monster drops
2025-05-26 22:36:45,452 - INFO - Processing item 33/2477: https://www.gametsg.net/equip/detail.html?id=55
2025-05-26 22:36:45,642 - INFO - Added 2 monster drops
2025-05-26 22:36:46,643 - INFO - Processing item 34/2477: https://www.gametsg.net/equip/detail.html?id=56
2025-05-26 22:36:47,831 - INFO - Processing item 35/2477: https://www.gametsg.net/equip/detail.html?id=57
2025-05-26 22:36:48,038 - INFO - Added 2 monster drops
2025-05-26 22:36:49,038 - INFO - Processing item 36/2477: https://www.gametsg.net/equip/detail.html?id=58
2025-05-26 22:36:50,247 - INFO - Processing item 37/2477: https://www.gametsg.net/equip/detail.html?id=59
2025-05-26 22:36:50,567 - INFO - Added 6 monster drops
2025-05-26 22:36:51,568 - INFO - Processing item 38/2477: https://www.gametsg.net/equip/detail.html?id=60
2025-05-26 22:36:52,771 - INFO - Processing item 39/2477: https://www.gametsg.net/equip/detail.html?id=61
2025-05-26 22:36:52,959 - INFO - Added 3 monster drops
2025-05-26 22:36:53,961 - INFO - Processing item 40/2477: https://www.gametsg.net/equip/detail.html?id=62
2025-05-26 22:36:54,176 - INFO - Added 1 monster drops
2025-05-26 22:36:54,232 - INFO - Progress saved after processing 40 items
2025-05-26 22:36:55,233 - INFO - Processing item 41/2477: https://www.gametsg.net/equip/detail.html?id=63
2025-05-26 22:36:55,423 - INFO - Added 3 monster drops
2025-05-26 22:36:56,424 - INFO - Processing item 42/2477: https://www.gametsg.net/equip/detail.html?id=64
2025-05-26 22:36:57,631 - INFO - Processing item 43/2477: https://www.gametsg.net/equip/detail.html?id=65
2025-05-26 22:36:58,839 - INFO - Processing item 44/2477: https://www.gametsg.net/equip/detail.html?id=66
2025-05-26 22:36:59,035 - INFO - Added 4 monster drops
2025-05-26 22:37:00,037 - INFO - Processing item 45/2477: https://www.gametsg.net/equip/detail.html?id=67
2025-05-26 22:37:00,250 - INFO - Added 4 monster drops
2025-05-26 22:37:01,251 - INFO - Processing item 46/2477: https://www.gametsg.net/equip/detail.html?id=68
2025-05-26 22:37:02,458 - INFO - Processing item 47/2477: https://www.gametsg.net/equip/detail.html?id=69
2025-05-26 22:37:02,663 - INFO - Added 1 monster drops
2025-05-26 22:37:03,664 - INFO - Processing item 48/2477: https://www.gametsg.net/equip/detail.html?id=70
2025-05-26 22:37:03,856 - INFO - Added 1 monster drops
2025-05-26 22:37:04,857 - INFO - Processing item 49/2477: https://www.gametsg.net/equip/detail.html?id=71
2025-05-26 22:37:06,081 - INFO - Processing item 50/2477: https://www.gametsg.net/equip/detail.html?id=72
2025-05-26 22:37:06,271 - INFO - Added 6 monster drops
2025-05-26 22:37:06,324 - INFO - Progress saved after processing 50 items
2025-05-26 22:37:07,326 - INFO - Processing item 51/2477: https://www.gametsg.net/equip/detail.html?id=73
2025-05-26 22:37:08,534 - INFO - Processing item 52/2477: https://www.gametsg.net/equip/detail.html?id=74
2025-05-26 22:37:08,726 - INFO - Added 4 monster drops
2025-05-26 22:37:09,726 - INFO - Processing item 53/2477: https://www.gametsg.net/equip/detail.html?id=75
2025-05-26 22:37:10,932 - INFO - Processing item 54/2477: https://www.gametsg.net/equip/detail.html?id=76
2025-05-26 22:37:12,125 - INFO - Processing item 55/2477: https://www.gametsg.net/equip/detail.html?id=77
2025-05-26 22:37:12,317 - INFO - Added 5 monster drops
2025-05-26 22:37:13,318 - INFO - Processing item 56/2477: https://www.gametsg.net/equip/detail.html?id=78
2025-05-26 22:37:14,531 - INFO - Processing item 57/2477: https://www.gametsg.net/equip/detail.html?id=79
2025-05-26 22:37:15,740 - INFO - Processing item 58/2477: https://www.gametsg.net/equip/detail.html?id=80
2025-05-26 22:37:15,926 - INFO - Added 1 monster drops
2025-05-26 22:37:16,927 - INFO - Processing item 59/2477: https://www.gametsg.net/equip/detail.html?id=81
2025-05-26 22:37:17,113 - INFO - Added 1 monster drops
2025-05-26 22:37:18,114 - INFO - Processing item 60/2477: https://www.gametsg.net/equip/detail.html?id=82
2025-05-26 22:37:18,390 - INFO - Progress saved after processing 60 items
2025-05-26 22:37:19,391 - INFO - Processing item 61/2477: https://www.gametsg.net/equip/detail.html?id=83
2025-05-26 22:37:19,584 - INFO - Added 1 monster drops
2025-05-26 22:37:20,585 - INFO - Processing item 62/2477: https://www.gametsg.net/equip/detail.html?id=84
2025-05-26 22:37:20,780 - INFO - Added 5 monster drops
2025-05-26 22:37:21,781 - INFO - Processing item 63/2477: https://www.gametsg.net/equip/detail.html?id=85
2025-05-26 22:37:22,987 - INFO - Processing item 64/2477: https://www.gametsg.net/equip/detail.html?id=86
2025-05-26 22:37:24,199 - INFO - Processing item 65/2477: https://www.gametsg.net/equip/detail.html?id=87
2025-05-26 22:37:24,606 - INFO - Added 3 monster drops
2025-05-26 22:37:25,607 - INFO - Processing item 66/2477: https://www.gametsg.net/equip/detail.html?id=88
2025-05-26 22:37:25,831 - INFO - Added 1 monster drops
2025-05-26 22:37:26,833 - INFO - Processing item 67/2477: https://www.gametsg.net/equip/detail.html?id=89
2025-05-26 22:37:28,042 - INFO - Processing item 68/2477: https://www.gametsg.net/equip/detail.html?id=90
2025-05-26 22:37:28,253 - INFO - Added 3 monster drops
2025-05-26 22:37:29,254 - INFO - Processing item 69/2477: https://www.gametsg.net/equip/detail.html?id=91
2025-05-26 22:37:30,459 - INFO - Processing item 70/2477: https://www.gametsg.net/equip/detail.html?id=92
2025-05-26 22:37:30,647 - INFO - Added 2 monster drops
2025-05-26 22:37:30,705 - INFO - Progress saved after processing 70 items
2025-05-26 22:37:31,706 - INFO - Processing item 71/2477: https://www.gametsg.net/equip/detail.html?id=93
2025-05-26 22:37:32,892 - INFO - Processing item 72/2477: https://www.gametsg.net/equip/detail.html?id=94
2025-05-26 22:37:33,083 - INFO - Added 4 monster drops
2025-05-26 22:37:34,085 - INFO - Processing item 73/2477: https://www.gametsg.net/equip/detail.html?id=95
2025-05-26 22:37:35,297 - INFO - Processing item 74/2477: https://www.gametsg.net/equip/detail.html?id=96
2025-05-26 22:37:35,511 - INFO - Added 15 monster drops
2025-05-26 22:37:36,512 - INFO - Processing item 75/2477: https://www.gametsg.net/equip/detail.html?id=97
2025-05-26 22:37:36,721 - INFO - Added 3 monster drops
2025-05-26 22:37:37,722 - INFO - Processing item 76/2477: https://www.gametsg.net/equip/detail.html?id=98
2025-05-26 22:37:38,940 - INFO - Processing item 77/2477: https://www.gametsg.net/equip/detail.html?id=99
2025-05-26 22:37:39,569 - INFO - Added 6 monster drops
2025-05-26 22:37:40,570 - INFO - Processing item 78/2477: https://www.gametsg.net/equip/detail.html?id=100
2025-05-26 22:37:41,779 - INFO - Processing item 79/2477: https://www.gametsg.net/equip/detail.html?id=101
2025-05-26 22:37:41,987 - INFO - Added 1 monster drops
2025-05-26 22:37:42,988 - INFO - Processing item 80/2477: https://www.gametsg.net/equip/detail.html?id=102
2025-05-26 22:37:43,265 - INFO - Progress saved after processing 80 items
2025-05-26 22:37:44,265 - INFO - Processing item 81/2477: https://www.gametsg.net/equip/detail.html?id=103
2025-05-26 22:37:45,473 - INFO - Processing item 82/2477: https://www.gametsg.net/equip/detail.html?id=104
2025-05-26 22:37:45,680 - INFO - Added 2 monster drops
2025-05-26 22:37:46,681 - INFO - Processing item 83/2477: https://www.gametsg.net/equip/detail.html?id=105
2025-05-26 22:37:47,893 - INFO - Processing item 84/2477: https://www.gametsg.net/equip/detail.html?id=106
2025-05-26 22:37:48,106 - INFO - Added 1 monster drops
2025-05-26 22:37:49,106 - INFO - Processing item 85/2477: https://www.gametsg.net/equip/detail.html?id=107
2025-05-26 22:37:49,321 - INFO - Added 11 monster drops
2025-05-26 22:37:50,322 - INFO - Processing item 86/2477: https://www.gametsg.net/equip/detail.html?id=108
2025-05-26 22:37:51,534 - INFO - Processing item 87/2477: https://www.gametsg.net/equip/detail.html?id=109
2025-05-26 22:37:52,745 - INFO - Processing item 88/2477: https://www.gametsg.net/equip/detail.html?id=110
2025-05-26 22:37:52,954 - INFO - Added 1 monster drops
2025-05-26 22:37:53,955 - INFO - Processing item 89/2477: https://www.gametsg.net/equip/detail.html?id=111
2025-05-26 22:37:55,166 - INFO - Processing item 90/2477: https://www.gametsg.net/equip/detail.html?id=112
2025-05-26 22:37:55,377 - INFO - Added 2 monster drops
2025-05-26 22:37:55,436 - INFO - Progress saved after processing 90 items
2025-05-26 22:37:56,437 - INFO - Processing item 91/2477: https://www.gametsg.net/equip/detail.html?id=113
2025-05-26 22:37:56,628 - INFO - Added 1 monster drops
2025-05-26 22:37:57,629 - INFO - Processing item 92/2477: https://www.gametsg.net/equip/detail.html?id=114
2025-05-26 22:37:58,837 - INFO - Processing item 93/2477: https://www.gametsg.net/equip/detail.html?id=115
2025-05-26 22:37:59,051 - INFO - Added 3 monster drops
2025-05-26 22:38:00,052 - INFO - Processing item 94/2477: https://www.gametsg.net/equip/detail.html?id=116
2025-05-26 22:38:01,271 - INFO - Processing item 95/2477: https://www.gametsg.net/equip/detail.html?id=117
2025-05-26 22:38:02,648 - INFO - Processing item 96/2477: https://www.gametsg.net/equip/detail.html?id=118
2025-05-26 22:38:03,856 - INFO - Processing item 97/2477: https://www.gametsg.net/equip/detail.html?id=119
2025-05-26 22:38:04,064 - INFO - Added 1 monster drops
2025-05-26 22:38:05,065 - INFO - Processing item 98/2477: https://www.gametsg.net/equip/detail.html?id=120
2025-05-26 22:38:06,269 - INFO - Processing item 99/2477: https://www.gametsg.net/equip/detail.html?id=121
2025-05-26 22:38:06,484 - INFO - Added 2 monster drops
2025-05-26 22:38:07,485 - INFO - Processing item 100/2477: https://www.gametsg.net/equip/detail.html?id=122
2025-05-26 22:38:07,747 - INFO - Progress saved after processing 100 items
2025-05-26 22:38:08,748 - INFO - Processing item 101/2477: https://www.gametsg.net/equip/detail.html?id=123
2025-05-26 22:38:08,991 - INFO - Added 1 monster drops
2025-05-26 22:38:09,993 - INFO - Processing item 102/2477: https://www.gametsg.net/equip/detail.html?id=124
2025-05-26 22:38:11,182 - INFO - Processing item 103/2477: https://www.gametsg.net/equip/detail.html?id=125
2025-05-26 22:38:11,385 - INFO - Added 6 monster drops
2025-05-26 22:38:12,387 - INFO - Processing item 104/2477: https://www.gametsg.net/equip/detail.html?id=126
2025-05-26 22:38:13,603 - INFO - Processing item 105/2477: https://www.gametsg.net/equip/detail.html?id=127
2025-05-26 22:38:14,816 - INFO - Processing item 106/2477: https://www.gametsg.net/equip/detail.html?id=128
2025-05-26 22:38:16,026 - INFO - Processing item 107/2477: https://www.gametsg.net/equip/detail.html?id=129
2025-05-26 22:38:16,248 - INFO - Added 3 monster drops
2025-05-26 22:38:17,249 - INFO - Processing item 108/2477: https://www.gametsg.net/equip/detail.html?id=130
2025-05-26 22:38:18,461 - INFO - Processing item 109/2477: https://www.gametsg.net/equip/detail.html?id=131
2025-05-26 22:38:18,680 - INFO - Added 13 monster drops
2025-05-26 22:38:19,681 - INFO - Processing item 110/2477: https://www.gametsg.net/equip/detail.html?id=132
2025-05-26 22:38:20,634 - INFO - Progress saved after processing 110 items
2025-05-26 22:38:21,635 - INFO - Processing item 111/2477: https://www.gametsg.net/equip/detail.html?id=133
2025-05-26 22:38:21,854 - INFO - Added 15 monster drops
2025-05-26 22:38:22,856 - INFO - Processing item 112/2477: https://www.gametsg.net/equip/detail.html?id=134
2025-05-26 22:38:24,063 - INFO - Processing item 113/2477: https://www.gametsg.net/equip/detail.html?id=135
2025-05-26 22:38:24,251 - INFO - Added 3 monster drops
2025-05-26 22:38:25,252 - INFO - Processing item 114/2477: https://www.gametsg.net/equip/detail.html?id=136
2025-05-26 22:38:26,608 - INFO - Processing item 115/2477: https://www.gametsg.net/equip/detail.html?id=137
2025-05-26 22:38:27,822 - INFO - Processing item 116/2477: https://www.gametsg.net/equip/detail.html?id=138
2025-05-26 22:38:29,029 - INFO - Processing item 117/2477: https://www.gametsg.net/equip/detail.html?id=139
2025-05-26 22:38:30,235 - INFO - Processing item 118/2477: https://www.gametsg.net/equip/detail.html?id=140
2025-05-26 22:38:31,442 - INFO - Processing item 119/2477: https://www.gametsg.net/equip/detail.html?id=141
2025-05-26 22:38:32,648 - INFO - Processing item 120/2477: https://www.gametsg.net/equip/detail.html?id=142
2025-05-26 22:38:32,913 - INFO - Progress saved after processing 120 items
2025-05-26 22:38:33,914 - INFO - Processing item 121/2477: https://www.gametsg.net/equip/detail.html?id=143
2025-05-26 22:38:34,128 - INFO - Added 5 monster drops
2025-05-26 22:38:35,128 - INFO - Processing item 122/2477: https://www.gametsg.net/equip/detail.html?id=144
2025-05-26 22:38:36,319 - INFO - Processing item 123/2477: https://www.gametsg.net/equip/detail.html?id=145
2025-05-26 22:38:36,527 - INFO - Added 2 monster drops
2025-05-26 22:38:37,528 - INFO - Processing item 124/2477: https://www.gametsg.net/equip/detail.html?id=146
2025-05-26 22:38:38,740 - INFO - Processing item 125/2477: https://www.gametsg.net/equip/detail.html?id=147
2025-05-26 22:38:39,951 - INFO - Processing item 126/2477: https://www.gametsg.net/equip/detail.html?id=148
2025-05-26 22:38:41,178 - INFO - Processing item 127/2477: https://www.gametsg.net/equip/detail.html?id=149
2025-05-26 22:38:41,389 - INFO - Added 7 monster drops
2025-05-26 22:38:42,390 - INFO - Processing item 128/2477: https://www.gametsg.net/equip/detail.html?id=150
2025-05-26 22:38:42,600 - INFO - Added 1 monster drops
2025-05-26 22:38:43,600 - INFO - Processing item 129/2477: https://www.gametsg.net/equip/detail.html?id=151
2025-05-26 22:38:43,818 - INFO - Added 2 monster drops
2025-05-26 22:38:44,819 - INFO - Processing item 130/2477: https://www.gametsg.net/equip/detail.html?id=152
2025-05-26 22:38:45,101 - INFO - Added 1 monster drops
2025-05-26 22:38:45,178 - INFO - Progress saved after processing 130 items
2025-05-26 22:38:46,179 - INFO - Processing item 131/2477: https://www.gametsg.net/equip/detail.html?id=153
2025-05-26 22:38:47,399 - INFO - Processing item 132/2477: https://www.gametsg.net/equip/detail.html?id=154
2025-05-26 22:38:47,622 - INFO - Added 2 monster drops
2025-05-26 22:38:48,622 - INFO - Processing item 133/2477: https://www.gametsg.net/equip/detail.html?id=155
2025-05-26 22:38:49,830 - INFO - Processing item 134/2477: https://www.gametsg.net/equip/detail.html?id=408
2025-05-26 22:38:50,037 - INFO - Added 1 monster drops
2025-05-26 22:38:51,038 - INFO - Processing item 135/2477: https://www.gametsg.net/equip/detail.html?id=409
2025-05-26 22:38:52,247 - INFO - Processing item 136/2477: https://www.gametsg.net/equip/detail.html?id=410
2025-05-26 22:38:53,454 - INFO - Processing item 137/2477: https://www.gametsg.net/equip/detail.html?id=411
2025-05-26 22:38:54,659 - INFO - Processing item 138/2477: https://www.gametsg.net/equip/detail.html?id=412
2025-05-26 22:38:54,870 - INFO - Added 1 monster drops
2025-05-26 22:38:55,871 - INFO - Processing item 139/2477: https://www.gametsg.net/equip/detail.html?id=413
2025-05-26 22:38:57,303 - INFO - Processing item 140/2477: https://www.gametsg.net/equip/detail.html?id=414
2025-05-26 22:38:57,510 - INFO - Added 3 monster drops
2025-05-26 22:38:57,569 - INFO - Progress saved after processing 140 items
2025-05-26 22:38:58,571 - INFO - Processing item 141/2477: https://www.gametsg.net/equip/detail.html?id=415
2025-05-26 22:38:59,778 - INFO - Processing item 142/2477: https://www.gametsg.net/equip/detail.html?id=416
2025-05-26 22:38:59,989 - INFO - Added 3 monster drops
2025-05-26 22:39:00,990 - INFO - Processing item 143/2477: https://www.gametsg.net/equip/detail.html?id=417
2025-05-26 22:39:02,203 - INFO - Processing item 144/2477: https://www.gametsg.net/equip/detail.html?id=418
2025-05-26 22:39:02,411 - INFO - Added 1 monster drops
2025-05-26 22:39:03,413 - INFO - Processing item 145/2477: https://www.gametsg.net/equip/detail.html?id=419
2025-05-26 22:39:04,622 - INFO - Processing item 146/2477: https://www.gametsg.net/equip/detail.html?id=420
2025-05-26 22:39:05,830 - INFO - Processing item 147/2477: https://www.gametsg.net/equip/detail.html?id=421
2025-05-26 22:39:07,046 - INFO - Processing item 148/2477: https://www.gametsg.net/equip/detail.html?id=422
2025-05-26 22:39:07,264 - INFO - Added 2 monster drops
2025-05-26 22:39:08,266 - INFO - Processing item 149/2477: https://www.gametsg.net/equip/detail.html?id=423
2025-05-26 22:39:09,474 - INFO - Processing item 150/2477: https://www.gametsg.net/equip/detail.html?id=424
2025-05-26 22:39:09,772 - INFO - Progress saved after processing 150 items
2025-05-26 22:39:10,773 - INFO - Processing item 151/2477: https://www.gametsg.net/equip/detail.html?id=425
2025-05-26 22:39:11,986 - INFO - Processing item 152/2477: https://www.gametsg.net/equip/detail.html?id=426
2025-05-26 22:39:12,206 - INFO - Added 3 monster drops
2025-05-26 22:39:13,207 - INFO - Processing item 153/2477: https://www.gametsg.net/equip/detail.html?id=427
2025-05-26 22:39:14,414 - INFO - Processing item 154/2477: https://www.gametsg.net/equip/detail.html?id=428
2025-05-26 22:39:14,632 - INFO - Added 3 monster drops
2025-05-26 22:39:15,633 - INFO - Processing item 155/2477: https://www.gametsg.net/equip/detail.html?id=429
2025-05-26 22:39:16,838 - INFO - Processing item 156/2477: https://www.gametsg.net/equip/detail.html?id=430
2025-05-26 22:39:17,057 - INFO - Added 3 monster drops
2025-05-26 22:39:18,058 - INFO - Processing item 157/2477: https://www.gametsg.net/equip/detail.html?id=431
2025-05-26 22:39:19,265 - INFO - Processing item 158/2477: https://www.gametsg.net/equip/detail.html?id=432
2025-05-26 22:39:19,486 - INFO - Added 1 monster drops
2025-05-26 22:39:20,488 - INFO - Processing item 159/2477: https://www.gametsg.net/equip/detail.html?id=433
2025-05-26 22:39:21,696 - INFO - Processing item 160/2477: https://www.gametsg.net/equip/detail.html?id=434
2025-05-26 22:39:21,959 - INFO - Progress saved after processing 160 items
2025-05-26 22:39:22,961 - INFO - Processing item 161/2477: https://www.gametsg.net/equip/detail.html?id=435
2025-05-26 22:39:24,173 - INFO - Processing item 162/2477: https://www.gametsg.net/equip/detail.html?id=2
2025-05-26 22:39:24,365 - INFO - Added 1 monster drops
2025-05-26 22:39:25,366 - INFO - Processing item 163/2477: https://www.gametsg.net/equip/detail.html?id=3
2025-05-26 22:39:26,615 - INFO - Processing item 164/2477: https://www.gametsg.net/equip/detail.html?id=4
2025-05-26 22:39:27,808 - INFO - Processing item 165/2477: https://www.gametsg.net/equip/detail.html?id=5
2025-05-26 22:39:29,014 - INFO - Processing item 166/2477: https://www.gametsg.net/equip/detail.html?id=6
2025-05-26 22:39:30,223 - INFO - Processing item 167/2477: https://www.gametsg.net/equip/detail.html?id=7
2025-05-26 22:39:30,492 - INFO - Added 3 monster drops
2025-05-26 22:39:31,493 - INFO - Processing item 168/2477: https://www.gametsg.net/equip/detail.html?id=8
2025-05-26 22:39:32,683 - INFO - Processing item 169/2477: https://www.gametsg.net/equip/detail.html?id=9
2025-05-26 22:39:32,879 - INFO - Added 8 monster drops
2025-05-26 22:39:33,880 - INFO - Processing item 170/2477: https://www.gametsg.net/equip/detail.html?id=10
2025-05-26 22:39:34,158 - INFO - Progress saved after processing 170 items
2025-05-26 22:39:35,159 - INFO - Processing item 171/2477: https://www.gametsg.net/equip/detail.html?id=11
2025-05-26 22:39:35,374 - INFO - Added 13 monster drops
2025-05-26 22:39:36,375 - INFO - Processing item 172/2477: https://www.gametsg.net/equip/detail.html?id=12
2025-05-26 22:39:37,588 - INFO - Processing item 173/2477: https://www.gametsg.net/equip/detail.html?id=13
2025-05-26 22:39:37,795 - INFO - Added 3 monster drops
2025-05-26 22:39:38,796 - INFO - Processing item 174/2477: https://www.gametsg.net/equip/detail.html?id=14
2025-05-26 22:39:40,086 - INFO - Processing item 175/2477: https://www.gametsg.net/equip/detail.html?id=15
2025-05-26 22:39:41,599 - INFO - Processing item 176/2477: https://www.gametsg.net/equip/detail.html?id=16
2025-05-26 22:39:42,809 - INFO - Processing item 177/2477: https://www.gametsg.net/equip/detail.html?id=17
2025-05-26 22:39:43,018 - INFO - Added 1 monster drops
2025-05-26 22:39:44,019 - INFO - Processing item 178/2477: https://www.gametsg.net/equip/detail.html?id=18
2025-05-26 22:39:44,241 - INFO - Added 2 monster drops
2025-05-26 22:39:45,242 - INFO - Processing item 179/2477: https://www.gametsg.net/equip/detail.html?id=19
2025-05-26 22:39:46,450 - INFO - Processing item 180/2477: https://www.gametsg.net/equip/detail.html?id=20
2025-05-26 22:39:46,716 - INFO - Progress saved after processing 180 items
2025-05-26 22:39:47,717 - INFO - Processing item 181/2477: https://www.gametsg.net/equip/detail.html?id=21
2025-05-26 22:39:48,925 - INFO - Processing item 182/2477: https://www.gametsg.net/equip/detail.html?id=22
2025-05-26 22:39:50,132 - INFO - Processing item 183/2477: https://www.gametsg.net/equip/detail.html?id=156
2025-05-26 22:39:51,337 - INFO - Processing item 184/2477: https://www.gametsg.net/equip/detail.html?id=157
2025-05-26 22:39:51,552 - INFO - Added 1 monster drops
2025-05-26 22:39:52,553 - INFO - Processing item 185/2477: https://www.gametsg.net/equip/detail.html?id=158
2025-05-26 22:39:53,786 - INFO - Processing item 186/2477: https://www.gametsg.net/equip/detail.html?id=159
2025-05-26 22:39:55,002 - INFO - Processing item 187/2477: https://www.gametsg.net/equip/detail.html?id=160
2025-05-26 22:39:56,588 - INFO - Processing item 188/2477: https://www.gametsg.net/equip/detail.html?id=161
2025-05-26 22:39:56,780 - INFO - Added 3 monster drops
2025-05-26 22:39:57,781 - INFO - Processing item 189/2477: https://www.gametsg.net/equip/detail.html?id=162
2025-05-26 22:39:58,991 - INFO - Processing item 190/2477: https://www.gametsg.net/equip/detail.html?id=163
2025-05-26 22:39:59,261 - INFO - Progress saved after processing 190 items
2025-05-26 22:40:00,261 - INFO - Processing item 191/2477: https://www.gametsg.net/equip/detail.html?id=164
2025-05-26 22:40:01,470 - INFO - Processing item 192/2477: https://www.gametsg.net/equip/detail.html?id=165
2025-05-26 22:40:01,683 - INFO - Added 1 monster drops
2025-05-26 22:40:02,683 - INFO - Processing item 193/2477: https://www.gametsg.net/equip/detail.html?id=166
2025-05-26 22:40:03,895 - INFO - Processing item 194/2477: https://www.gametsg.net/equip/detail.html?id=167
2025-05-26 22:40:05,573 - INFO - Processing item 195/2477: https://www.gametsg.net/equip/detail.html?id=168
2025-05-26 22:40:05,793 - INFO - Added 3 monster drops
2025-05-26 22:40:06,794 - INFO - Processing item 196/2477: https://www.gametsg.net/equip/detail.html?id=169
2025-05-26 22:40:07,998 - INFO - Processing item 197/2477: https://www.gametsg.net/equip/detail.html?id=170
2025-05-26 22:40:09,587 - INFO - Processing item 198/2477: https://www.gametsg.net/equip/detail.html?id=171
2025-05-26 22:40:10,794 - INFO - Processing item 199/2477: https://www.gametsg.net/equip/detail.html?id=172
2025-05-26 22:40:11,008 - INFO - Added 15 monster drops
2025-05-26 22:40:12,009 - INFO - Processing item 200/2477: https://www.gametsg.net/equip/detail.html?id=173
2025-05-26 22:40:12,225 - INFO - Added 2 monster drops
2025-05-26 22:40:12,287 - INFO - Progress saved after processing 200 items
2025-05-26 22:40:13,288 - INFO - Processing item 201/2477: https://www.gametsg.net/equip/detail.html?id=174
2025-05-26 22:40:14,677 - INFO - Processing item 202/2477: https://www.gametsg.net/equip/detail.html?id=175
2025-05-26 22:40:15,882 - INFO - Processing item 203/2477: https://www.gametsg.net/equip/detail.html?id=176
2025-05-26 22:40:17,091 - INFO - Processing item 204/2477: https://www.gametsg.net/equip/detail.html?id=177
2025-05-26 22:40:17,299 - INFO - Added 7 monster drops
2025-05-26 22:40:18,300 - INFO - Processing item 205/2477: https://www.gametsg.net/equip/detail.html?id=178
2025-05-26 22:40:19,574 - INFO - Processing item 206/2477: https://www.gametsg.net/equip/detail.html?id=179
2025-05-26 22:40:19,784 - INFO - Added 5 monster drops
2025-05-26 22:40:20,785 - INFO - Processing item 207/2477: https://www.gametsg.net/equip/detail.html?id=180
2025-05-26 22:40:22,000 - INFO - Processing item 208/2477: https://www.gametsg.net/equip/detail.html?id=181
2025-05-26 22:40:22,209 - INFO - Added 1 monster drops
2025-05-26 22:40:23,209 - INFO - Processing item 209/2477: https://www.gametsg.net/equip/detail.html?id=182
2025-05-26 22:40:23,417 - INFO - Added 2 monster drops
2025-05-26 22:40:24,418 - INFO - Processing item 210/2477: https://www.gametsg.net/equip/detail.html?id=183
2025-05-26 22:40:24,701 - INFO - Progress saved after processing 210 items
2025-05-26 22:40:25,702 - INFO - Processing item 211/2477: https://www.gametsg.net/equip/detail.html?id=184
2025-05-26 22:40:25,921 - INFO - Added 1 monster drops
2025-05-26 22:40:26,922 - INFO - Processing item 212/2477: https://www.gametsg.net/equip/detail.html?id=185
2025-05-26 22:40:28,130 - INFO - Processing item 213/2477: https://www.gametsg.net/equip/detail.html?id=186
2025-05-26 22:40:28,339 - INFO - Added 2 monster drops
2025-05-26 22:40:29,340 - INFO - Processing item 214/2477: https://www.gametsg.net/equip/detail.html?id=187
2025-05-26 22:40:30,552 - INFO - Processing item 215/2477: https://www.gametsg.net/equip/detail.html?id=188
2025-05-26 22:40:30,744 - INFO - Added 5 monster drops
2025-05-26 22:40:31,746 - INFO - Processing item 216/2477: https://www.gametsg.net/equip/detail.html?id=189
2025-05-26 22:40:32,952 - INFO - Processing item 217/2477: https://www.gametsg.net/equip/detail.html?id=190
2025-05-26 22:40:33,161 - INFO - Added 2 monster drops
2025-05-26 22:40:34,162 - INFO - Processing item 218/2477: https://www.gametsg.net/equip/detail.html?id=191
2025-05-26 22:40:34,385 - INFO - Added 3 monster drops
2025-05-26 22:40:35,387 - INFO - Processing item 219/2477: https://www.gametsg.net/equip/detail.html?id=192
2025-05-26 22:40:36,605 - INFO - Processing item 220/2477: https://www.gametsg.net/equip/detail.html?id=193
2025-05-26 22:40:36,796 - INFO - Added 1 monster drops
2025-05-26 22:40:36,859 - INFO - Progress saved after processing 220 items
2025-05-26 22:40:37,860 - INFO - Processing item 221/2477: https://www.gametsg.net/equip/detail.html?id=194
2025-05-26 22:40:39,069 - INFO - Processing item 222/2477: https://www.gametsg.net/equip/detail.html?id=195
2025-05-26 22:40:39,280 - INFO - Added 11 monster drops
2025-05-26 22:40:40,281 - INFO - Processing item 223/2477: https://www.gametsg.net/equip/detail.html?id=196
2025-05-26 22:40:41,650 - INFO - Processing item 224/2477: https://www.gametsg.net/equip/detail.html?id=197
2025-05-26 22:40:42,859 - INFO - Processing item 225/2477: https://www.gametsg.net/equip/detail.html?id=198
2025-05-26 22:40:43,070 - INFO - Added 1 monster drops
2025-05-26 22:40:44,070 - INFO - Processing item 226/2477: https://www.gametsg.net/equip/detail.html?id=199
2025-05-26 22:40:45,277 - INFO - Processing item 227/2477: https://www.gametsg.net/equip/detail.html?id=200
2025-05-26 22:40:46,487 - INFO - Processing item 228/2477: https://www.gametsg.net/equip/detail.html?id=201
2025-05-26 22:40:47,694 - INFO - Processing item 229/2477: https://www.gametsg.net/equip/detail.html?id=202
2025-05-26 22:40:47,905 - INFO - Added 3 monster drops
2025-05-26 22:40:48,906 - INFO - Processing item 230/2477: https://www.gametsg.net/equip/detail.html?id=203
2025-05-26 22:40:49,179 - INFO - Progress saved after processing 230 items
2025-05-26 22:40:50,179 - INFO - Processing item 231/2477: https://www.gametsg.net/equip/detail.html?id=204
2025-05-26 22:40:51,394 - INFO - Processing item 232/2477: https://www.gametsg.net/equip/detail.html?id=205
2025-05-26 22:40:52,607 - INFO - Processing item 233/2477: https://www.gametsg.net/equip/detail.html?id=206
2025-05-26 22:40:53,795 - INFO - Processing item 234/2477: https://www.gametsg.net/equip/detail.html?id=207
2025-05-26 22:40:55,009 - INFO - Processing item 235/2477: https://www.gametsg.net/equip/detail.html?id=208
2025-05-26 22:40:56,268 - INFO - Processing item 236/2477: https://www.gametsg.net/equip/detail.html?id=209
2025-05-26 22:40:56,477 - INFO - Added 3 monster drops
2025-05-26 22:40:57,479 - INFO - Processing item 237/2477: https://www.gametsg.net/equip/detail.html?id=210
2025-05-26 22:40:58,693 - INFO - Processing item 238/2477: https://www.gametsg.net/equip/detail.html?id=211
2025-05-26 22:40:58,910 - INFO - Added 4 monster drops
2025-05-26 22:40:59,911 - INFO - Processing item 239/2477: https://www.gametsg.net/equip/detail.html?id=212
2025-05-26 22:41:01,574 - INFO - Processing item 240/2477: https://www.gametsg.net/equip/detail.html?id=213
2025-05-26 22:41:01,967 - INFO - Added 4 monster drops
2025-05-26 22:41:02,029 - INFO - Progress saved after processing 240 items
2025-05-26 22:41:03,030 - INFO - Processing item 241/2477: https://www.gametsg.net/equip/detail.html?id=214
2025-05-26 22:41:04,250 - INFO - Processing item 242/2477: https://www.gametsg.net/equip/detail.html?id=215
2025-05-26 22:41:04,464 - INFO - Added 13 monster drops
2025-05-26 22:41:05,466 - INFO - Processing item 243/2477: https://www.gametsg.net/equip/detail.html?id=216
2025-05-26 22:41:06,684 - INFO - Processing item 244/2477: https://www.gametsg.net/equip/detail.html?id=217
2025-05-26 22:41:07,906 - INFO - Processing item 245/2477: https://www.gametsg.net/equip/detail.html?id=218
2025-05-26 22:41:09,115 - INFO - Processing item 246/2477: https://www.gametsg.net/equip/detail.html?id=219
2025-05-26 22:41:09,330 - INFO - Added 15 monster drops
2025-05-26 22:41:10,331 - INFO - Processing item 247/2477: https://www.gametsg.net/equip/detail.html?id=220
2025-05-26 22:41:10,546 - INFO - Added 1 monster drops
2025-05-26 22:41:11,547 - INFO - Processing item 248/2477: https://www.gametsg.net/equip/detail.html?id=221
2025-05-26 22:41:12,775 - INFO - Processing item 249/2477: https://www.gametsg.net/equip/detail.html?id=222
2025-05-26 22:41:13,004 - INFO - Added 9 monster drops
2025-05-26 22:41:14,006 - INFO - Processing item 250/2477: https://www.gametsg.net/equip/detail.html?id=223
2025-05-26 22:41:14,199 - INFO - Added 4 monster drops
2025-05-26 22:41:14,264 - INFO - Progress saved after processing 250 items
2025-05-26 22:41:15,265 - INFO - Processing item 251/2477: https://www.gametsg.net/equip/detail.html?id=224
2025-05-26 22:41:15,483 - INFO - Added 2 monster drops
2025-05-26 22:41:16,484 - INFO - Processing item 252/2477: https://www.gametsg.net/equip/detail.html?id=225
2025-05-26 22:41:17,692 - INFO - Processing item 253/2477: https://www.gametsg.net/equip/detail.html?id=226
2025-05-26 22:41:17,904 - INFO - Added 3 monster drops
2025-05-26 22:41:18,905 - INFO - Processing item 254/2477: https://www.gametsg.net/equip/detail.html?id=227
2025-05-26 22:41:19,114 - INFO - Added 1 monster drops
2025-05-26 22:41:20,115 - INFO - Processing item 255/2477: https://www.gametsg.net/equip/detail.html?id=228
2025-05-26 22:41:20,332 - INFO - Added 2 monster drops
2025-05-26 22:41:21,334 - INFO - Processing item 256/2477: https://www.gametsg.net/equip/detail.html?id=229
2025-05-26 22:41:22,540 - INFO - Processing item 257/2477: https://www.gametsg.net/equip/detail.html?id=230
2025-05-26 22:41:22,760 - INFO - Added 7 monster drops
2025-05-26 22:41:23,760 - INFO - Processing item 258/2477: https://www.gametsg.net/equip/detail.html?id=231
2025-05-26 22:41:25,917 - INFO - Processing item 259/2477: https://www.gametsg.net/equip/detail.html?id=232
2025-05-26 22:41:26,184 - INFO - Added 5 monster drops
2025-05-26 22:41:27,185 - INFO - Processing item 260/2477: https://www.gametsg.net/equip/detail.html?id=233
2025-05-26 22:41:27,466 - INFO - Progress saved after processing 260 items
2025-05-26 22:41:28,467 - INFO - Processing item 261/2477: https://www.gametsg.net/equip/detail.html?id=234
2025-05-26 22:41:29,674 - INFO - Processing item 262/2477: https://www.gametsg.net/equip/detail.html?id=235
2025-05-26 22:41:31,576 - INFO - Processing item 263/2477: https://www.gametsg.net/equip/detail.html?id=236
2025-05-26 22:41:31,782 - INFO - Added 3 monster drops
2025-05-26 22:41:32,784 - INFO - Processing item 264/2477: https://www.gametsg.net/equip/detail.html?id=237
2025-05-26 22:41:33,996 - INFO - Processing item 265/2477: https://www.gametsg.net/equip/detail.html?id=238
2025-05-26 22:41:34,602 - INFO - Added 1 monster drops
2025-05-26 22:41:35,604 - INFO - Processing item 266/2477: https://www.gametsg.net/equip/detail.html?id=239
2025-05-26 22:41:36,810 - INFO - Processing item 267/2477: https://www.gametsg.net/equip/detail.html?id=240
2025-05-26 22:41:38,019 - INFO - Processing item 268/2477: https://www.gametsg.net/equip/detail.html?id=241
2025-05-26 22:41:38,580 - INFO - Added 2 monster drops
2025-05-26 22:41:39,581 - INFO - Processing item 269/2477: https://www.gametsg.net/equip/detail.html?id=242
2025-05-26 22:41:39,789 - INFO - Added 3 monster drops
2025-05-26 22:41:40,789 - INFO - Processing item 270/2477: https://www.gametsg.net/equip/detail.html?id=243
2025-05-26 22:41:41,062 - INFO - Progress saved after processing 270 items
2025-05-26 22:41:42,063 - INFO - Processing item 271/2477: https://www.gametsg.net/equip/detail.html?id=244
2025-05-26 22:41:43,270 - INFO - Processing item 272/2477: https://www.gametsg.net/equip/detail.html?id=245
2025-05-26 22:41:43,480 - INFO - Added 2 monster drops
2025-05-26 22:41:44,482 - INFO - Processing item 273/2477: https://www.gametsg.net/equip/detail.html?id=246
2025-05-26 22:41:45,709 - INFO - Processing item 274/2477: https://www.gametsg.net/equip/detail.html?id=247
2025-05-26 22:41:45,925 - INFO - Added 1 monster drops
2025-05-26 22:41:46,926 - INFO - Processing item 275/2477: https://www.gametsg.net/equip/detail.html?id=248
2025-05-26 22:41:48,132 - INFO - Processing item 276/2477: https://www.gametsg.net/equip/detail.html?id=249
2025-05-26 22:41:49,581 - INFO - Processing item 277/2477: https://www.gametsg.net/equip/detail.html?id=250
2025-05-26 22:41:50,867 - INFO - Processing item 278/2477: https://www.gametsg.net/equip/detail.html?id=251
2025-05-26 22:41:51,594 - INFO - Added 3 monster drops
2025-05-26 22:41:52,596 - INFO - Processing item 279/2477: https://www.gametsg.net/equip/detail.html?id=252
2025-05-26 22:41:53,802 - INFO - Processing item 280/2477: https://www.gametsg.net/equip/detail.html?id=256
2025-05-26 22:41:54,012 - INFO - Added 1 monster drops
2025-05-26 22:41:54,077 - INFO - Progress saved after processing 280 items
2025-05-26 22:41:55,078 - INFO - Processing item 281/2477: https://www.gametsg.net/equip/detail.html?id=257
2025-05-26 22:41:56,289 - INFO - Processing item 282/2477: https://www.gametsg.net/equip/detail.html?id=258
2025-05-26 22:41:56,508 - INFO - Added 15 monster drops
2025-05-26 22:41:57,508 - INFO - Processing item 283/2477: https://www.gametsg.net/equip/detail.html?id=259
2025-05-26 22:41:58,730 - INFO - Processing item 284/2477: https://www.gametsg.net/equip/detail.html?id=260
2025-05-26 22:41:58,949 - INFO - Added 15 monster drops
2025-05-26 22:41:59,950 - INFO - Processing item 285/2477: https://www.gametsg.net/equip/detail.html?id=261
2025-05-26 22:42:01,160 - INFO - Processing item 286/2477: https://www.gametsg.net/equip/detail.html?id=262
2025-05-26 22:42:01,349 - INFO - Added 3 monster drops
2025-05-26 22:42:02,350 - INFO - Processing item 287/2477: https://www.gametsg.net/equip/detail.html?id=263
2025-05-26 22:42:03,557 - INFO - Processing item 288/2477: https://www.gametsg.net/equip/detail.html?id=253
2025-05-26 22:42:04,745 - INFO - Processing item 289/2477: https://www.gametsg.net/equip/detail.html?id=254
2025-05-26 22:42:05,940 - INFO - Processing item 290/2477: https://www.gametsg.net/equip/detail.html?id=255
2025-05-26 22:42:06,216 - INFO - Progress saved after processing 290 items
2025-05-26 22:42:07,217 - INFO - Processing item 291/2477: https://www.gametsg.net/equip/detail.html?id=264
2025-05-26 22:42:08,426 - INFO - Processing item 292/2477: https://www.gametsg.net/equip/detail.html?id=265
2025-05-26 22:42:09,631 - INFO - Processing item 293/2477: https://www.gametsg.net/equip/detail.html?id=266
2025-05-26 22:42:09,839 - INFO - Added 1 monster drops
2025-05-26 22:42:10,839 - INFO - Processing item 294/2477: https://www.gametsg.net/equip/detail.html?id=267
2025-05-26 22:42:11,099 - INFO - Added 3 monster drops
2025-05-26 22:42:12,099 - INFO - Processing item 295/2477: https://www.gametsg.net/equip/detail.html?id=268
2025-05-26 22:42:13,327 - INFO - Processing item 296/2477: https://www.gametsg.net/equip/detail.html?id=269
2025-05-26 22:42:14,537 - INFO - Processing item 297/2477: https://www.gametsg.net/equip/detail.html?id=270
2025-05-26 22:42:15,748 - INFO - Processing item 298/2477: https://www.gametsg.net/equip/detail.html?id=271
2025-05-26 22:42:15,968 - INFO - Added 3 monster drops
2025-05-26 22:42:16,969 - INFO - Processing item 299/2477: https://www.gametsg.net/equip/detail.html?id=272
2025-05-26 22:42:18,179 - INFO - Processing item 300/2477: https://www.gametsg.net/equip/detail.html?id=273
2025-05-26 22:42:18,580 - INFO - Added 5 monster drops
2025-05-26 22:42:18,646 - INFO - Progress saved after processing 300 items
2025-05-26 22:42:19,646 - INFO - Processing item 301/2477: https://www.gametsg.net/equip/detail.html?id=274
2025-05-26 22:42:20,856 - INFO - Processing item 302/2477: https://www.gametsg.net/equip/detail.html?id=275
2025-05-26 22:42:22,063 - INFO - Processing item 303/2477: https://www.gametsg.net/equip/detail.html?id=276
2025-05-26 22:42:22,283 - INFO - Added 19 monster drops
2025-05-26 22:42:23,284 - INFO - Processing item 304/2477: https://www.gametsg.net/equip/detail.html?id=277
2025-05-26 22:42:24,489 - INFO - Processing item 305/2477: https://www.gametsg.net/equip/detail.html?id=278
2025-05-26 22:42:24,707 - INFO - Added 3 monster drops
2025-05-26 22:42:25,708 - INFO - Processing item 306/2477: https://www.gametsg.net/equip/detail.html?id=279
2025-05-26 22:42:26,583 - INFO - Added 1 monster drops
2025-05-26 22:42:27,584 - INFO - Processing item 307/2477: https://www.gametsg.net/equip/detail.html?id=280
2025-05-26 22:42:27,802 - INFO - Added 1 monster drops
2025-05-26 22:42:28,803 - INFO - Processing item 308/2477: https://www.gametsg.net/equip/detail.html?id=281
2025-05-26 22:42:29,038 - INFO - Added 1 monster drops
2025-05-26 22:42:30,039 - INFO - Processing item 309/2477: https://www.gametsg.net/equip/detail.html?id=282
2025-05-26 22:42:31,246 - INFO - Processing item 310/2477: https://www.gametsg.net/equip/detail.html?id=283
2025-05-26 22:42:31,524 - INFO - Progress saved after processing 310 items
2025-05-26 22:42:32,526 - INFO - Processing item 311/2477: https://www.gametsg.net/equip/detail.html?id=284
2025-05-26 22:42:32,735 - INFO - Added 3 monster drops
2025-05-26 22:42:33,737 - INFO - Processing item 312/2477: https://www.gametsg.net/equip/detail.html?id=285
2025-05-26 22:42:33,928 - INFO - Added 1 monster drops
2025-05-26 22:42:34,928 - INFO - Processing item 313/2477: https://www.gametsg.net/equip/detail.html?id=286
2025-05-26 22:42:36,136 - INFO - Processing item 314/2477: https://www.gametsg.net/equip/detail.html?id=287
